<?xml version="1.0" encoding="UTF-8"?>
<testsuite name="com.cabolabs.openehr.rest.client.ConformanceTestSuitesTest" tests="77" skipped="0" failures="0" errors="0" timestamp="2023-11-11T03:15:17" hostname="noti" time="477.899">
  <properties/>
  <testcase name="B.1.a. create new ehr [data_set_no: null, is_queryable: true, is_modifiable: true, has_status: false, subject_id: null, other_details: null, ehr_id: null, #0]" classname="com.cabolabs.openehr.rest.client.ConformanceTestSuitesTest" time="7.668"/>
  <testcase name="B.1.a. create new ehr [data_set_no: null, is_queryable: true, is_modifiable: true, has_status: false, subject_id: null, other_details: null, ehr_id: 0d30ebd9-1ccb-4d78-bd34-a52b7a44f74d, #1]" classname="com.cabolabs.openehr.rest.client.ConformanceTestSuitesTest" time="2.615"/>
  <testcase name="B.1.a. create new ehr [data_set_no: 1, is_queryable: true, is_modifiable: true, has_status: true, subject_id: 07fdedb5-4d21-4b67-90d4-24033991fa9b, other_details: null, ehr_id: null, #2]" classname="com.cabolabs.openehr.rest.client.ConformanceTestSuitesTest" time="2.399"/>
  <testcase name="B.1.a. create new ehr [data_set_no: 2, is_queryable: true, is_modifiable: false, has_status: true, subject_id: 77eab8b0-3217-4d9a-8a42-31ad95bfd86b, other_details: null, ehr_id: null, #3]" classname="com.cabolabs.openehr.rest.client.ConformanceTestSuitesTest" time="4.172"/>
  <testcase name="B.1.a. create new ehr [data_set_no: 3, is_queryable: false, is_modifiable: true, has_status: true, subject_id: ccdec150-448f-4b2d-82b4-b8e60590b1d3, other_details: null, ehr_id: null, #4]" classname="com.cabolabs.openehr.rest.client.ConformanceTestSuitesTest" time="7.398"/>
  <testcase name="B.1.a. create new ehr [data_set_no: 4, is_queryable: false, is_modifiable: false, has_status: true, subject_id: 9d050061-1209-4207-ba1c-a1038980fb9b, other_details: null, ehr_id: null, #5]" classname="com.cabolabs.openehr.rest.client.ConformanceTestSuitesTest" time="2.757"/>
  <testcase name="B.1.a. create new ehr [data_set_no: 5, is_queryable: true, is_modifiable: true, has_status: true, subject_id: d21df8e7-b81e-4b74-892a-302db7b60291, other_details: true, ehr_id: null, #6]" classname="com.cabolabs.openehr.rest.client.ConformanceTestSuitesTest" time="2.531"/>
  <testcase name="B.1.a. create new ehr [data_set_no: 6, is_queryable: true, is_modifiable: false, has_status: true, subject_id: 133b7d41-f248-4ce3-b362-86baf79058f9, other_details: true, ehr_id: null, #7]" classname="com.cabolabs.openehr.rest.client.ConformanceTestSuitesTest" time="2.49"/>
  <testcase name="B.1.a. create new ehr [data_set_no: 7, is_queryable: false, is_modifiable: true, has_status: true, subject_id: 4e03507a-072a-4131-9900-e4c6072aa72d, other_details: true, ehr_id: null, #8]" classname="com.cabolabs.openehr.rest.client.ConformanceTestSuitesTest" time="2.751"/>
  <testcase name="B.1.a. create new ehr [data_set_no: 8, is_queryable: false, is_modifiable: false, has_status: true, subject_id: 93de10b7-4f11-415d-82f7-3315dfe2a434, other_details: true, ehr_id: null, #9]" classname="com.cabolabs.openehr.rest.client.ConformanceTestSuitesTest" time="2.687"/>
  <testcase name="B.1.a. create new ehr [data_set_no: 9, is_queryable: true, is_modifiable: true, has_status: true, subject_id: 328b2cac-88cb-4abd-b7ab-64e9eb6582aa, other_details: null, ehr_id: 1f82e3ee-5402-40d7-93cc-18268be17f62, #10]" classname="com.cabolabs.openehr.rest.client.ConformanceTestSuitesTest" time="1.864"/>
  <testcase name="B.1.a. create new ehr [data_set_no: 10, is_queryable: true, is_modifiable: false, has_status: true, subject_id: f59c9efa-0283-4914-8cc7-4e3b146e6c9a, other_details: null, ehr_id: a726ae95-680a-41d8-bcc1-1577c7ac6d50, #11]" classname="com.cabolabs.openehr.rest.client.ConformanceTestSuitesTest" time="2.178"/>
  <testcase name="B.1.a. create new ehr [data_set_no: 11, is_queryable: false, is_modifiable: true, has_status: true, subject_id: 5fb976d7-d9ba-4be2-935c-cac36e3d4486, other_details: null, ehr_id: 27e58b53-6b72-4fe8-a62d-cbc9e0cfe8ae, #12]" classname="com.cabolabs.openehr.rest.client.ConformanceTestSuitesTest" time="4.997"/>
  <testcase name="B.1.a. create new ehr [data_set_no: 12, is_queryable: false, is_modifiable: false, has_status: true, subject_id: 5c7034a9-4874-4a46-8d79-898665c82057, other_details: null, ehr_id: 6b33fe00-8155-4573-a04e-6341ff5ef267, #13]" classname="com.cabolabs.openehr.rest.client.ConformanceTestSuitesTest" time="2.125"/>
  <testcase name="B.1.a. create new ehr [data_set_no: 13, is_queryable: true, is_modifiable: true, has_status: true, subject_id: 79bcfcbb-2e6a-4ea1-a141-34527e3fa836, other_details: true, ehr_id: 59710a54-4120-44da-91fe-bb9bdd419056, #14]" classname="com.cabolabs.openehr.rest.client.ConformanceTestSuitesTest" time="2.639"/>
  <testcase name="B.1.a. create new ehr [data_set_no: 14, is_queryable: true, is_modifiable: false, has_status: true, subject_id: aaad4735-c530-4266-9c97-2399e0235668, other_details: true, ehr_id: e4a77c86-6c42-4f47-8b4c-149fbb85818e, #15]" classname="com.cabolabs.openehr.rest.client.ConformanceTestSuitesTest" time="2.671"/>
  <testcase name="B.1.a. create new ehr [data_set_no: 15, is_queryable: false, is_modifiable: true, has_status: true, subject_id: 39581748-15a8-4dfb-bbef-900240b34f1e, other_details: true, ehr_id: cffb8d4e-7dc4-47ea-b143-571a45053a85, #16]" classname="com.cabolabs.openehr.rest.client.ConformanceTestSuitesTest" time="2.627"/>
  <testcase name="B.1.a. create new ehr [data_set_no: 16, is_queryable: false, is_modifiable: false, has_status: true, subject_id: ea0530a9-3282-412c-b6dc-b27f7d57ee1f, other_details: true, ehr_id: 0cb6c3c4-e69c-4644-972d-03d7d9fb5cf8, #17]" classname="com.cabolabs.openehr.rest.client.ConformanceTestSuitesTest" time="2.391"/>
  <testcase name="B.1.a. create new ehr [data_set_no: 17, is_queryable: true, is_modifiable: true, has_status: true, subject_id: null, other_details: null, ehr_id: null, #18]" classname="com.cabolabs.openehr.rest.client.ConformanceTestSuitesTest" time="4.667"/>
  <testcase name="B.1.a. create new ehr [data_set_no: 18, is_queryable: true, is_modifiable: false, has_status: true, subject_id: null, other_details: null, ehr_id: null, #19]" classname="com.cabolabs.openehr.rest.client.ConformanceTestSuitesTest" time="3.342"/>
  <testcase name="B.1.a. create new ehr [data_set_no: 19, is_queryable: false, is_modifiable: true, has_status: true, subject_id: null, other_details: null, ehr_id: null, #20]" classname="com.cabolabs.openehr.rest.client.ConformanceTestSuitesTest" time="2.472"/>
  <testcase name="B.1.a. create new ehr [data_set_no: 20, is_queryable: false, is_modifiable: false, has_status: true, subject_id: null, other_details: null, ehr_id: null, #21]" classname="com.cabolabs.openehr.rest.client.ConformanceTestSuitesTest" time="2.686"/>
  <testcase name="B.1.a. create new ehr [data_set_no: 21, is_queryable: true, is_modifiable: true, has_status: true, subject_id: null, other_details: true, ehr_id: null, #22]" classname="com.cabolabs.openehr.rest.client.ConformanceTestSuitesTest" time="2.001"/>
  <testcase name="B.1.a. create new ehr [data_set_no: 22, is_queryable: true, is_modifiable: false, has_status: true, subject_id: null, other_details: true, ehr_id: null, #23]" classname="com.cabolabs.openehr.rest.client.ConformanceTestSuitesTest" time="1.875"/>
  <testcase name="B.1.a. create new ehr [data_set_no: 23, is_queryable: false, is_modifiable: true, has_status: true, subject_id: null, other_details: true, ehr_id: null, #24]" classname="com.cabolabs.openehr.rest.client.ConformanceTestSuitesTest" time="1.851"/>
  <testcase name="B.1.a. create new ehr [data_set_no: 24, is_queryable: false, is_modifiable: false, has_status: true, subject_id: null, other_details: true, ehr_id: null, #25]" classname="com.cabolabs.openehr.rest.client.ConformanceTestSuitesTest" time="1.762"/>
  <testcase name="B.1.a. create new ehr [data_set_no: 25, is_queryable: true, is_modifiable: true, has_status: true, subject_id: null, other_details: null, ehr_id: f7178728-b3b2-481e-a168-9c25671877b0, #26]" classname="com.cabolabs.openehr.rest.client.ConformanceTestSuitesTest" time="5.026"/>
  <testcase name="B.1.a. create new ehr [data_set_no: 26, is_queryable: true, is_modifiable: false, has_status: true, subject_id: null, other_details: null, ehr_id: 189a3ade-28e5-472d-8b25-072ed0a1f8fc, #27]" classname="com.cabolabs.openehr.rest.client.ConformanceTestSuitesTest" time="1.782"/>
  <testcase name="B.1.a. create new ehr [data_set_no: 27, is_queryable: false, is_modifiable: true, has_status: true, subject_id: null, other_details: null, ehr_id: 99b3d396-ed28-48cb-bf5f-34f4c0902bbc, #28]" classname="com.cabolabs.openehr.rest.client.ConformanceTestSuitesTest" time="1.789"/>
  <testcase name="B.1.a. create new ehr [data_set_no: 28, is_queryable: false, is_modifiable: false, has_status: true, subject_id: null, other_details: null, ehr_id: b7aa3376-5782-4102-b4b7-24d6c5a711dc, #29]" classname="com.cabolabs.openehr.rest.client.ConformanceTestSuitesTest" time="1.745"/>
  <testcase name="B.1.a. create new ehr [data_set_no: 29, is_queryable: true, is_modifiable: true, has_status: true, subject_id: null, other_details: true, ehr_id: 4bfcb781-4ec0-4d59-9d48-7a1b2a8f6507, #30]" classname="com.cabolabs.openehr.rest.client.ConformanceTestSuitesTest" time="1.682"/>
  <testcase name="B.1.a. create new ehr [data_set_no: 30, is_queryable: true, is_modifiable: false, has_status: true, subject_id: null, other_details: true, ehr_id: 7ee10f95-f139-4e73-acf7-114327c7a9ab, #31]" classname="com.cabolabs.openehr.rest.client.ConformanceTestSuitesTest" time="2.423"/>
  <testcase name="B.1.a. create new ehr [data_set_no: 31, is_queryable: false, is_modifiable: true, has_status: true, subject_id: null, other_details: true, ehr_id: 10294e80-0541-496e-95d2-08c7ef785011, #32]" classname="com.cabolabs.openehr.rest.client.ConformanceTestSuitesTest" time="2.082"/>
  <testcase name="B.1.a. create new ehr [data_set_no: 32, is_queryable: false, is_modifiable: false, has_status: true, subject_id: null, other_details: true, ehr_id: 4a1e5116-542c-4a28-9939-5e6169f12bdc, #33]" classname="com.cabolabs.openehr.rest.client.ConformanceTestSuitesTest" time="1.921"/>
  <testcase name="B.1.b. create ehr twice [data_set_no: null, is_queryable: true, is_modifiable: true, has_status: false, subject_id: null, other_details: null, ehr_id: null, #0]" classname="com.cabolabs.openehr.rest.client.ConformanceTestSuitesTest" time="2.132"/>
  <testcase name="B.1.b. create ehr twice [data_set_no: null, is_queryable: true, is_modifiable: true, has_status: false, subject_id: null, other_details: null, ehr_id: 5cc185e4-b1e3-47c7-aa9b-35d453833296, #1]" classname="com.cabolabs.openehr.rest.client.ConformanceTestSuitesTest" time="5.53"/>
  <testcase name="B.1.b. create ehr twice [data_set_no: 1, is_queryable: true, is_modifiable: true, has_status: true, subject_id: deb36bc5-a356-4df5-9cc7-ec83b5a3feb7, other_details: null, ehr_id: null, #2]" classname="com.cabolabs.openehr.rest.client.ConformanceTestSuitesTest" time="2.422"/>
  <testcase name="B.1.b. create ehr twice [data_set_no: 2, is_queryable: true, is_modifiable: false, has_status: true, subject_id: 1c8fcf22-a70d-4bc0-8da2-37d183121fa2, other_details: null, ehr_id: null, #3]" classname="com.cabolabs.openehr.rest.client.ConformanceTestSuitesTest" time="2.822"/>
  <testcase name="B.1.b. create ehr twice [data_set_no: 3, is_queryable: false, is_modifiable: true, has_status: true, subject_id: 8073f91a-0fe1-48f4-846a-e57cbd383bcb, other_details: null, ehr_id: null, #4]" classname="com.cabolabs.openehr.rest.client.ConformanceTestSuitesTest" time="2.615"/>
  <testcase name="B.1.b. create ehr twice [data_set_no: 4, is_queryable: false, is_modifiable: false, has_status: true, subject_id: cf831837-93fa-4c1d-a5c1-168d80eb64d7, other_details: null, ehr_id: null, #5]" classname="com.cabolabs.openehr.rest.client.ConformanceTestSuitesTest" time="2.171"/>
  <testcase name="B.1.b. create ehr twice [data_set_no: 5, is_queryable: true, is_modifiable: true, has_status: true, subject_id: 72dae266-ba9b-4ee6-be7a-1d042cda32ee, other_details: true, ehr_id: null, #6]" classname="com.cabolabs.openehr.rest.client.ConformanceTestSuitesTest" time="2.434"/>
  <testcase name="B.1.b. create ehr twice [data_set_no: 6, is_queryable: true, is_modifiable: false, has_status: true, subject_id: 2421728a-5a04-4335-94c3-2780a1f2601e, other_details: true, ehr_id: null, #7]" classname="com.cabolabs.openehr.rest.client.ConformanceTestSuitesTest" time="2.464"/>
  <testcase name="B.1.b. create ehr twice [data_set_no: 7, is_queryable: false, is_modifiable: true, has_status: true, subject_id: da9c8794-f6b9-4040-9bef-46a798330546, other_details: true, ehr_id: null, #8]" classname="com.cabolabs.openehr.rest.client.ConformanceTestSuitesTest" time="2.713"/>
  <testcase name="B.1.b. create ehr twice [data_set_no: 8, is_queryable: false, is_modifiable: false, has_status: true, subject_id: ae6aaf97-d11f-46f1-8a7b-115fdabd61a6, other_details: true, ehr_id: null, #9]" classname="com.cabolabs.openehr.rest.client.ConformanceTestSuitesTest" time="4.844"/>
  <testcase name="B.1.b. create ehr twice [data_set_no: 9, is_queryable: true, is_modifiable: true, has_status: true, subject_id: 24ed0c26-8b91-4f76-a2ff-a4e6e72f04bc, other_details: null, ehr_id: d92a269e-3258-427b-97c9-de7d8f961116, #10]" classname="com.cabolabs.openehr.rest.client.ConformanceTestSuitesTest" time="1.809"/>
  <testcase name="B.1.b. create ehr twice [data_set_no: 10, is_queryable: true, is_modifiable: false, has_status: true, subject_id: 9ab93f05-c5db-4158-bd4c-3fa6790f4524, other_details: null, ehr_id: 521a66a8-fed5-4063-892c-9288f1d53ade, #11]" classname="com.cabolabs.openehr.rest.client.ConformanceTestSuitesTest" time="2.573"/>
  <testcase name="B.1.b. create ehr twice [data_set_no: 11, is_queryable: false, is_modifiable: true, has_status: true, subject_id: 1e5b35e1-38bb-4e0e-b46b-4df06f8e16ce, other_details: null, ehr_id: 01b8e651-3a64-4487-a0a4-5c599eea053b, #12]" classname="com.cabolabs.openehr.rest.client.ConformanceTestSuitesTest" time="2.456"/>
  <testcase name="B.1.b. create ehr twice [data_set_no: 12, is_queryable: false, is_modifiable: false, has_status: true, subject_id: ceb35041-9142-4d1d-a5ba-4e3705342bf7, other_details: null, ehr_id: a16851c4-2e24-477a-8ebb-3a06adbe89ac, #13]" classname="com.cabolabs.openehr.rest.client.ConformanceTestSuitesTest" time="2.399"/>
  <testcase name="B.1.b. create ehr twice [data_set_no: 13, is_queryable: true, is_modifiable: true, has_status: true, subject_id: 73adb13a-03ec-4ca9-bdb1-6ef9ac6d2cac, other_details: true, ehr_id: 986811ac-dd9a-475b-ad6b-75ae7b699580, #14]" classname="com.cabolabs.openehr.rest.client.ConformanceTestSuitesTest" time="2.131"/>
  <testcase name="B.1.b. create ehr twice [data_set_no: 14, is_queryable: true, is_modifiable: false, has_status: true, subject_id: bd804680-ec12-4cbf-b5d8-b0f15b7d6781, other_details: true, ehr_id: 143d711a-1bc7-4923-98ab-7fca400a509b, #15]" classname="com.cabolabs.openehr.rest.client.ConformanceTestSuitesTest" time="2.465"/>
  <testcase name="B.1.b. create ehr twice [data_set_no: 15, is_queryable: false, is_modifiable: true, has_status: true, subject_id: 67f512e3-4989-408f-b953-19f474b63c05, other_details: true, ehr_id: f469b0c5-dcbc-4742-bae6-c00c542c19a5, #16]" classname="com.cabolabs.openehr.rest.client.ConformanceTestSuitesTest" time="2.662"/>
  <testcase name="B.1.b. create ehr twice [data_set_no: 16, is_queryable: false, is_modifiable: false, has_status: true, subject_id: 19eca204-2521-4483-9113-428bcdde3c3f, other_details: true, ehr_id: ea5559f7-bec5-49ca-97ee-6bc15307eead, #17]" classname="com.cabolabs.openehr.rest.client.ConformanceTestSuitesTest" time="2.59"/>
  <testcase name="B.1.b. create ehr twice [data_set_no: 17, is_queryable: true, is_modifiable: true, has_status: true, subject_id: null, other_details: null, ehr_id: null, #18]" classname="com.cabolabs.openehr.rest.client.ConformanceTestSuitesTest" time="5.352"/>
  <testcase name="B.1.b. create ehr twice [data_set_no: 18, is_queryable: true, is_modifiable: false, has_status: true, subject_id: null, other_details: null, ehr_id: null, #19]" classname="com.cabolabs.openehr.rest.client.ConformanceTestSuitesTest" time="2.637"/>
  <testcase name="B.1.b. create ehr twice [data_set_no: 19, is_queryable: false, is_modifiable: true, has_status: true, subject_id: null, other_details: null, ehr_id: null, #20]" classname="com.cabolabs.openehr.rest.client.ConformanceTestSuitesTest" time="2.636"/>
  <testcase name="B.1.b. create ehr twice [data_set_no: 20, is_queryable: false, is_modifiable: false, has_status: true, subject_id: null, other_details: null, ehr_id: null, #21]" classname="com.cabolabs.openehr.rest.client.ConformanceTestSuitesTest" time="2.585"/>
  <testcase name="B.1.b. create ehr twice [data_set_no: 21, is_queryable: true, is_modifiable: true, has_status: true, subject_id: null, other_details: true, ehr_id: null, #22]" classname="com.cabolabs.openehr.rest.client.ConformanceTestSuitesTest" time="2.763"/>
  <testcase name="B.1.b. create ehr twice [data_set_no: 22, is_queryable: true, is_modifiable: false, has_status: true, subject_id: null, other_details: true, ehr_id: null, #23]" classname="com.cabolabs.openehr.rest.client.ConformanceTestSuitesTest" time="2.61"/>
  <testcase name="B.1.b. create ehr twice [data_set_no: 23, is_queryable: false, is_modifiable: true, has_status: true, subject_id: null, other_details: true, ehr_id: null, #24]" classname="com.cabolabs.openehr.rest.client.ConformanceTestSuitesTest" time="2.485"/>
  <testcase name="B.1.b. create ehr twice [data_set_no: 24, is_queryable: false, is_modifiable: false, has_status: true, subject_id: null, other_details: true, ehr_id: null, #25]" classname="com.cabolabs.openehr.rest.client.ConformanceTestSuitesTest" time="4.747"/>
  <testcase name="B.1.b. create ehr twice [data_set_no: 25, is_queryable: true, is_modifiable: true, has_status: true, subject_id: null, other_details: null, ehr_id: bbeb45a1-c445-45f6-a8d2-8907173227d9, #26]" classname="com.cabolabs.openehr.rest.client.ConformanceTestSuitesTest" time="2.759"/>
  <testcase name="B.1.b. create ehr twice [data_set_no: 26, is_queryable: true, is_modifiable: false, has_status: true, subject_id: null, other_details: null, ehr_id: 19710956-4a83-47ad-a3c6-bfb7d96fd502, #27]" classname="com.cabolabs.openehr.rest.client.ConformanceTestSuitesTest" time="2.197"/>
  <testcase name="B.1.b. create ehr twice [data_set_no: 27, is_queryable: false, is_modifiable: true, has_status: true, subject_id: null, other_details: null, ehr_id: 8908de74-5867-4e79-bee5-547473709f6b, #28]" classname="com.cabolabs.openehr.rest.client.ConformanceTestSuitesTest" time="2.436"/>
  <testcase name="B.1.b. create ehr twice [data_set_no: 28, is_queryable: false, is_modifiable: false, has_status: true, subject_id: null, other_details: null, ehr_id: 027ba49f-916b-49c4-bed8-db1061a0ad72, #29]" classname="com.cabolabs.openehr.rest.client.ConformanceTestSuitesTest" time="2.263"/>
  <testcase name="B.1.b. create ehr twice [data_set_no: 29, is_queryable: true, is_modifiable: true, has_status: true, subject_id: null, other_details: true, ehr_id: 703a4949-b6b0-4391-8f39-56b0870f8bcb, #30]" classname="com.cabolabs.openehr.rest.client.ConformanceTestSuitesTest" time="2.483"/>
  <testcase name="B.1.b. create ehr twice [data_set_no: 30, is_queryable: true, is_modifiable: false, has_status: true, subject_id: null, other_details: true, ehr_id: 05e2bf0e-a33c-4352-ab3e-be21d542d00d, #31]" classname="com.cabolabs.openehr.rest.client.ConformanceTestSuitesTest" time="2.797"/>
  <testcase name="B.1.b. create ehr twice [data_set_no: 31, is_queryable: false, is_modifiable: true, has_status: true, subject_id: null, other_details: true, ehr_id: 9406d366-3cae-469d-ba88-712a745e6fe2, #32]" classname="com.cabolabs.openehr.rest.client.ConformanceTestSuitesTest" time="5.002"/>
  <testcase name="B.1.b. create ehr twice [data_set_no: 32, is_queryable: false, is_modifiable: false, has_status: true, subject_id: null, other_details: true, ehr_id: 841823ba-6f9b-4b68-9041-e4f9650ce072, #33]" classname="com.cabolabs.openehr.rest.client.ConformanceTestSuitesTest" time="3.007"/>
  <testcase name="B.3.a. get existing ehr" classname="com.cabolabs.openehr.rest.client.ConformanceTestSuitesTest" time="2.721"/>
  <testcase name="B.3.c. get non existing ehr" classname="com.cabolabs.openehr.rest.client.ConformanceTestSuitesTest" time="2.372"/>
  <testcase name="B.4.a. get composition at version" classname="com.cabolabs.openehr.rest.client.ConformanceTestSuitesTest" time="3.225"/>
  <testcase name="B.4.b. get composition at version, version doesn't exist" classname="com.cabolabs.openehr.rest.client.ConformanceTestSuitesTest" time="2.727"/>
  <testcase name="B.4.c. get composition at version, ehr doesn't exist" classname="com.cabolabs.openehr.rest.client.ConformanceTestSuitesTest" time="2.537"/>
  <testcase name="B.6.a. create new event composition" classname="com.cabolabs.openehr.rest.client.ConformanceTestSuitesTest" time="4.937"/>
  <testcase name="B.7.a. update an existing event composition" classname="com.cabolabs.openehr.rest.client.ConformanceTestSuitesTest" time="0.77"/>
  <testcase name="LOAD. create composition minimal evaluation 100 times" classname="com.cabolabs.openehr.rest.client.ConformanceTestSuitesTest" time="6.706"/>
  <testcase name="LOAD. create demographic family trees" classname="com.cabolabs.openehr.rest.client.ConformanceTestSuitesTest" time="255.614"/>
  <system-out><![CDATA[200
]]></system-out>
  <system-err><![CDATA[]]></system-err>
</testsuite>
